2022-09-02 00:07:08,335 WARN clearConfigHistory start

2022-09-02 00:07:08,338 INFO [capacityManagement] start correct usage

2022-09-02 00:07:08,669 INFO [capacityManagement] end correct usage, cost: 0s

2022-09-02 00:32:22,341 WARN clearConfigHistory start

2022-09-02 00:32:22,349 INFO [capacityManagement] start correct usage

2022-09-02 00:32:22,613 INFO [capacityManagement] end correct usage, cost: 0s

2022-09-02 00:42:22,624 WARN clearConfigHistory start

2022-09-02 00:42:22,626 INFO [capacityManagement] start correct usage

2022-09-02 00:42:22,716 INFO [capacityManagement] end correct usage, cost: 0s

2022-09-02 00:52:22,709 WARN clearConfigHistory start

2022-09-02 00:52:22,734 INFO [capacityManagement] start correct usage

2022-09-02 00:52:23,148 INFO [capacityManagement] end correct usage, cost: 0s

2022-09-02 01:02:23,121 WARN clearConfigHistory start

2022-09-02 01:02:23,135 INFO [capacityManagement] start correct usage

2022-09-02 01:02:23,199 INFO [capacityManagement] end correct usage, cost: 0s

2022-09-02 01:12:23,199 INFO [capacityManagement] start correct usage

2022-09-02 01:12:23,205 WARN clearConfigHistory start

2022-09-02 01:12:23,450 INFO [capacityManagement] end correct usage, cost: 0s

2022-09-02 01:22:23,413 WARN clearConfigHistory start

2022-09-02 01:22:23,420 INFO [capacityManagement] start correct usage

2022-09-02 01:22:23,517 INFO [capacityManagement] end correct usage, cost: 0s

2022-09-02 01:32:23,516 WARN clearConfigHistory start

2022-09-02 01:32:23,524 INFO [capacityManagement] start correct usage

2022-09-02 01:32:23,705 INFO [capacityManagement] end correct usage, cost: 0s

2022-09-02 01:42:23,710 WARN clearConfigHistory start

2022-09-02 01:42:23,711 INFO [capacityManagement] start correct usage

2022-09-02 01:42:23,804 INFO [capacityManagement] end correct usage, cost: 0s

2022-09-02 02:08:15,541 WARN clearConfigHistory start

2022-09-02 02:08:15,559 INFO [capacityManagement] start correct usage

2022-09-02 02:08:15,710 INFO [capacityManagement] end correct usage, cost: 0s

2022-09-02 02:18:15,711 WARN clearConfigHistory start

2022-09-02 02:18:15,715 INFO [capacityManagement] start correct usage

2022-09-02 02:18:15,784 INFO [capacityManagement] end correct usage, cost: 0s

2022-09-02 02:28:15,787 WARN clearConfigHistory start

2022-09-02 02:28:15,788 INFO [capacityManagement] start correct usage

2022-09-02 02:28:15,824 INFO [capacityManagement] end correct usage, cost: 0s

2022-09-02 02:38:15,829 WARN clearConfigHistory start

2022-09-02 02:38:15,856 INFO [capacityManagement] start correct usage

2022-09-02 02:38:15,902 INFO [capacityManagement] end correct usage, cost: 0s

2022-09-02 02:48:15,940 WARN clearConfigHistory start

2022-09-02 02:48:15,941 INFO [capacityManagement] start correct usage

2022-09-02 02:48:16,173 INFO [capacityManagement] end correct usage, cost: 0s

2022-09-02 02:58:16,181 WARN clearConfigHistory start

2022-09-02 02:58:16,194 INFO [capacityManagement] start correct usage

2022-09-02 02:58:16,373 INFO [capacityManagement] end correct usage, cost: 0s

2022-09-02 03:41:49,566 WARN clearConfigHistory start

2022-09-02 03:41:49,569 INFO [capacityManagement] start correct usage

2022-09-02 03:41:49,981 INFO [capacityManagement] end correct usage, cost: 0s

2022-09-02 03:51:49,988 WARN clearConfigHistory start

2022-09-02 03:51:50,005 INFO [capacityManagement] start correct usage

2022-09-02 03:51:50,368 INFO [capacityManagement] end correct usage, cost: 0s

2022-09-02 04:01:50,331 WARN clearConfigHistory start

2022-09-02 04:01:50,384 INFO [capacityManagement] start correct usage

2022-09-02 04:01:50,954 INFO [capacityManagement] end correct usage, cost: 0s

2022-09-02 04:11:50,967 WARN clearConfigHistory start

2022-09-02 04:11:51,001 INFO [capacityManagement] start correct usage

2022-09-02 04:11:51,453 INFO [capacityManagement] end correct usage, cost: 0s

2022-09-02 04:21:51,463 WARN clearConfigHistory start

2022-09-02 04:21:51,474 INFO [capacityManagement] start correct usage

2022-09-02 04:21:51,536 INFO [capacityManagement] end correct usage, cost: 0s

2022-09-02 04:31:51,548 WARN clearConfigHistory start

2022-09-02 04:31:51,560 INFO [capacityManagement] start correct usage

2022-09-02 04:31:51,806 INFO [capacityManagement] end correct usage, cost: 0s

2022-09-02 04:41:51,772 WARN clearConfigHistory start

2022-09-02 04:41:51,781 INFO [capacityManagement] start correct usage

2022-09-02 04:41:51,898 INFO [capacityManagement] end correct usage, cost: 0s

2022-09-02 04:51:51,913 WARN clearConfigHistory start

2022-09-02 04:51:51,916 INFO [capacityManagement] start correct usage

2022-09-02 04:51:52,187 INFO [capacityManagement] end correct usage, cost: 0s

2022-09-02 05:01:52,193 WARN clearConfigHistory start

2022-09-02 05:01:52,202 INFO [capacityManagement] start correct usage

2022-09-02 05:01:52,270 INFO [capacityManagement] end correct usage, cost: 0s

2022-09-02 05:11:52,301 WARN clearConfigHistory start

2022-09-02 05:11:52,303 INFO [capacityManagement] start correct usage

2022-09-02 05:11:52,575 INFO [capacityManagement] end correct usage, cost: 0s

2022-09-02 05:21:52,588 WARN clearConfigHistory start

2022-09-02 05:21:52,591 INFO [capacityManagement] start correct usage

2022-09-02 05:21:52,699 INFO [capacityManagement] end correct usage, cost: 0s

2022-09-02 05:31:52,721 WARN clearConfigHistory start

2022-09-02 05:31:52,725 INFO [capacityManagement] start correct usage

2022-09-02 05:31:52,776 INFO [capacityManagement] end correct usage, cost: 0s

2022-09-02 05:41:52,757 WARN clearConfigHistory start

2022-09-02 05:41:52,763 INFO [capacityManagement] start correct usage

2022-09-02 05:41:52,859 INFO [capacityManagement] end correct usage, cost: 0s

2022-09-02 06:08:38,334 WARN clearConfigHistory start

2022-09-02 06:08:38,335 INFO [capacityManagement] start correct usage

2022-09-02 06:08:38,613 INFO [capacityManagement] end correct usage, cost: 0s

2022-09-02 06:18:38,629 WARN clearConfigHistory start

2022-09-02 06:18:38,631 INFO [capacityManagement] start correct usage

2022-09-02 06:18:39,026 INFO [capacityManagement] end correct usage, cost: 0s

2022-09-02 06:28:39,037 WARN clearConfigHistory start

2022-09-02 06:28:39,045 INFO [capacityManagement] start correct usage

2022-09-02 06:28:39,261 INFO [capacityManagement] end correct usage, cost: 0s

2022-09-02 06:38:39,271 WARN clearConfigHistory start

2022-09-02 06:38:39,276 INFO [capacityManagement] start correct usage

2022-09-02 06:38:39,350 INFO [capacityManagement] end correct usage, cost: 0s

2022-09-02 06:48:39,361 WARN clearConfigHistory start

2022-09-02 06:48:39,368 INFO [capacityManagement] start correct usage

2022-09-02 06:48:39,415 INFO [capacityManagement] end correct usage, cost: 0s

2022-09-02 06:58:39,389 WARN clearConfigHistory start

2022-09-02 06:58:39,400 INFO [capacityManagement] start correct usage

2022-09-02 06:58:39,435 INFO [capacityManagement] end correct usage, cost: 0s

2022-09-02 07:24:02,836 WARN clearConfigHistory start

2022-09-02 07:24:02,838 INFO [capacityManagement] start correct usage

2022-09-02 07:24:03,143 INFO [capacityManagement] end correct usage, cost: 0s

2022-09-02 07:49:44,380 WARN clearConfigHistory start

2022-09-02 07:49:44,382 INFO [capacityManagement] start correct usage

2022-09-02 07:49:44,494 INFO [capacityManagement] end correct usage, cost: 0s

2022-09-02 07:59:44,517 WARN clearConfigHistory start

2022-09-02 07:59:44,521 INFO [capacityManagement] start correct usage

2022-09-02 07:59:44,712 INFO [capacityManagement] end correct usage, cost: 0s

2022-09-02 08:09:44,717 WARN clearConfigHistory start

2022-09-02 08:09:44,721 INFO [capacityManagement] start correct usage

2022-09-02 08:09:44,788 INFO [capacityManagement] end correct usage, cost: 0s

2022-09-02 08:19:44,804 WARN clearConfigHistory start

2022-09-02 08:19:44,806 INFO [capacityManagement] start correct usage

2022-09-02 08:19:44,837 INFO [capacityManagement] end correct usage, cost: 0s

2022-09-02 08:29:44,848 WARN clearConfigHistory start

2022-09-02 08:29:44,854 INFO [capacityManagement] start correct usage

2022-09-02 08:29:44,898 INFO [capacityManagement] end correct usage, cost: 0s

2022-09-02 08:39:44,910 INFO [capacityManagement] start correct usage

2022-09-02 08:39:44,909 WARN clearConfigHistory start

2022-09-02 08:39:44,968 INFO [capacityManagement] end correct usage, cost: 0s

2022-09-02 09:06:29,636 WARN clearConfigHistory start

2022-09-02 09:06:29,640 INFO [capacityManagement] start correct usage

2022-09-02 09:06:29,731 INFO [capacityManagement] end correct usage, cost: 0s

2022-09-02 09:16:29,738 WARN clearConfigHistory start

2022-09-02 09:16:29,747 INFO [capacityManagement] start correct usage

2022-09-02 09:16:29,778 INFO [capacityManagement] end correct usage, cost: 0s

2022-09-02 09:26:29,715 WARN clearConfigHistory start

2022-09-02 09:26:29,719 INFO [capacityManagement] start correct usage

2022-09-02 09:26:29,795 INFO [capacityManagement] end correct usage, cost: 0s

2022-09-02 09:36:29,834 INFO [capacityManagement] start correct usage

2022-09-02 09:36:29,834 WARN clearConfigHistory start

2022-09-02 09:36:29,874 INFO [capacityManagement] end correct usage, cost: 0s

2022-09-02 09:46:29,885 INFO [capacityManagement] start correct usage

2022-09-02 09:46:29,887 WARN clearConfigHistory start

2022-09-02 09:46:30,149 INFO [capacityManagement] end correct usage, cost: 0s

2022-09-02 09:56:30,153 WARN clearConfigHistory start

2022-09-02 09:56:30,160 INFO [capacityManagement] start correct usage

2022-09-02 09:56:30,272 INFO [capacityManagement] end correct usage, cost: 0s

2022-09-02 10:22:03,311 WARN clearConfigHistory start

2022-09-02 10:22:03,326 INFO [capacityManagement] start correct usage

2022-09-02 10:22:03,708 INFO [capacityManagement] end correct usage, cost: 0s

2022-09-02 10:26:03,479 INFO Expired JWT token.

2022-09-02 10:26:03,792 ERROR Responding with unauthorized error. Message - Full authentication is required to access this resource

2022-09-02 10:32:03,704 WARN clearConfigHistory start

2022-09-02 10:32:03,718 INFO [capacityManagement] start correct usage

2022-09-02 10:32:04,203 INFO [capacityManagement] end correct usage, cost: 0s

2022-09-02 10:42:04,206 WARN clearConfigHistory start

2022-09-02 10:42:04,212 INFO [capacityManagement] start correct usage

2022-09-02 10:42:04,641 INFO [capacityManagement] end correct usage, cost: 0s

2022-09-02 10:52:04,657 WARN clearConfigHistory start

2022-09-02 10:52:04,665 INFO [capacityManagement] start correct usage

2022-09-02 10:52:05,277 INFO [capacityManagement] end correct usage, cost: 0s

