[2022-09-05T23:52:44.494-0800][gc,heap] Heap region size: 1M
[2022-09-05T23:52:44.498-0800][gc     ] Using G1
[2022-09-05T23:52:44.498-0800][gc,heap,coops] Heap address: 0x00000007e0000000, size: 512 MB, Compressed Oops mode: Zero based, Oop shift amount: 3
[2022-09-05T23:52:47.236-0800][gc,start     ] GC(0) Pause Young (Concurrent Start) (Metadata GC Threshold)
[2022-09-05T23:52:47.237-0800][gc,task      ] GC(0) Using 8 workers of 8 for evacuation
[2022-09-05T23:52:47.261-0800][gc,phases    ] GC(0)   Pre Evacuate Collection Set: 0.0ms
[2022-09-05T23:52:47.261-0800][gc,phases    ] GC(0)   Evacuate Collection Set: 19.7ms
[2022-09-05T23:52:47.261-0800][gc,phases    ] GC(0)   Post Evacuate Collection Set: 3.9ms
[2022-09-05T23:52:47.261-0800][gc,phases    ] GC(0)   Other: 0.7ms
[2022-09-05T23:52:47.261-0800][gc,heap      ] GC(0) Eden regions: 147->0(250)
[2022-09-05T23:52:47.261-0800][gc,heap      ] GC(0) Survivor regions: 0->6(32)
[2022-09-05T23:52:47.261-0800][gc,heap      ] GC(0) Old regions: 0->0
[2022-09-05T23:52:47.261-0800][gc,heap      ] GC(0) Humongous regions: 0->0
[2022-09-05T23:52:47.261-0800][gc,metaspace ] GC(0) Metaspace: 20724K->20724K(1069056K)
[2022-09-05T23:52:47.261-0800][gc           ] GC(0) Pause Young (Concurrent Start) (Metadata GC Threshold) 147M->5M(512M) 24.389ms
[2022-09-05T23:52:47.261-0800][gc,cpu       ] GC(0) User=0.04s Sys=0.03s Real=0.03s
[2022-09-05T23:52:47.261-0800][gc           ] GC(1) Concurrent Cycle
[2022-09-05T23:52:47.261-0800][gc,marking   ] GC(1) Concurrent Clear Claimed Marks
[2022-09-05T23:52:47.261-0800][gc,marking   ] GC(1) Concurrent Clear Claimed Marks 0.026ms
[2022-09-05T23:52:47.261-0800][gc,marking   ] GC(1) Concurrent Scan Root Regions
[2022-09-05T23:52:47.263-0800][gc,marking   ] GC(1) Concurrent Scan Root Regions 1.788ms
[2022-09-05T23:52:47.263-0800][gc,marking   ] GC(1) Concurrent Mark (2.780s)
[2022-09-05T23:52:47.263-0800][gc,marking   ] GC(1) Concurrent Mark From Roots
[2022-09-05T23:52:47.263-0800][gc,task      ] GC(1) Using 2 workers of 2 for marking
[2022-09-05T23:52:47.263-0800][gc,marking   ] GC(1) Concurrent Mark From Roots 0.209ms
[2022-09-05T23:52:47.263-0800][gc,marking   ] GC(1) Concurrent Preclean
[2022-09-05T23:52:47.264-0800][gc,marking   ] GC(1) Concurrent Preclean 0.030ms
[2022-09-05T23:52:47.264-0800][gc,marking   ] GC(1) Concurrent Mark (2.780s, 2.780s) 0.316ms
[2022-09-05T23:52:47.264-0800][gc,start     ] GC(1) Pause Remark
[2022-09-05T23:52:47.270-0800][gc,stringtable] GC(1) Cleaned string and symbol table, strings: 7725 processed, 0 removed, symbols: 67641 processed, 76 removed
[2022-09-05T23:52:47.270-0800][gc            ] GC(1) Pause Remark 6M->6M(512M) 5.927ms
[2022-09-05T23:52:47.270-0800][gc,cpu        ] GC(1) User=0.01s Sys=0.00s Real=0.01s
[2022-09-05T23:52:47.270-0800][gc,marking    ] GC(1) Concurrent Rebuild Remembered Sets
[2022-09-05T23:52:47.271-0800][gc,marking    ] GC(1) Concurrent Rebuild Remembered Sets 0.087ms
[2022-09-05T23:52:47.271-0800][gc,start      ] GC(1) Pause Cleanup
[2022-09-05T23:52:47.271-0800][gc            ] GC(1) Pause Cleanup 6M->6M(512M) 0.108ms
[2022-09-05T23:52:47.271-0800][gc,cpu        ] GC(1) User=0.00s Sys=0.00s Real=0.00s
[2022-09-05T23:52:47.271-0800][gc,marking    ] GC(1) Concurrent Cleanup for Next Mark
[2022-09-05T23:52:47.275-0800][gc,marking    ] GC(1) Concurrent Cleanup for Next Mark 4.026ms
[2022-09-05T23:52:47.276-0800][gc            ] GC(1) Concurrent Cycle 14.293ms
[2022-09-05T23:52:49.618-0800][gc,start      ] GC(2) Pause Young (Normal) (G1 Evacuation Pause)
[2022-09-05T23:52:49.618-0800][gc,task       ] GC(2) Using 8 workers of 8 for evacuation
[2022-09-05T23:52:49.646-0800][gc,phases     ] GC(2)   Pre Evacuate Collection Set: 0.0ms
[2022-09-05T23:52:49.646-0800][gc,phases     ] GC(2)   Evacuate Collection Set: 27.2ms
[2022-09-05T23:52:49.646-0800][gc,phases     ] GC(2)   Post Evacuate Collection Set: 0.7ms
[2022-09-05T23:52:49.646-0800][gc,phases     ] GC(2)   Other: 0.2ms
[2022-09-05T23:52:49.646-0800][gc,heap       ] GC(2) Eden regions: 250->0(247)
[2022-09-05T23:52:49.646-0800][gc,heap       ] GC(2) Survivor regions: 6->9(32)
[2022-09-05T23:52:49.646-0800][gc,heap       ] GC(2) Old regions: 0->0
[2022-09-05T23:52:49.646-0800][gc,heap       ] GC(2) Humongous regions: 0->0
[2022-09-05T23:52:49.646-0800][gc,metaspace  ] GC(2) Metaspace: 29730K->29730K(1077248K)
[2022-09-05T23:52:49.646-0800][gc            ] GC(2) Pause Young (Normal) (G1 Evacuation Pause) 255M->8M(512M) 28.303ms
[2022-09-05T23:52:49.646-0800][gc,cpu        ] GC(2) User=0.06s Sys=0.03s Real=0.03s
[2022-09-05T23:52:52.621-0800][gc,start      ] GC(3) Pause Young (Normal) (G1 Evacuation Pause)
[2022-09-05T23:52:52.622-0800][gc,task       ] GC(3) Using 8 workers of 8 for evacuation
[2022-09-05T23:52:52.648-0800][gc,phases     ] GC(3)   Pre Evacuate Collection Set: 0.0ms
[2022-09-05T23:52:52.648-0800][gc,phases     ] GC(3)   Evacuate Collection Set: 25.8ms
[2022-09-05T23:52:52.648-0800][gc,phases     ] GC(3)   Post Evacuate Collection Set: 0.6ms
[2022-09-05T23:52:52.648-0800][gc,phases     ] GC(3)   Other: 0.1ms
[2022-09-05T23:52:52.648-0800][gc,heap       ] GC(3) Eden regions: 247->0(244)
[2022-09-05T23:52:52.648-0800][gc,heap       ] GC(3) Survivor regions: 9->12(32)
[2022-09-05T23:52:52.648-0800][gc,heap       ] GC(3) Old regions: 0->0
[2022-09-05T23:52:52.648-0800][gc,heap       ] GC(3) Humongous regions: 0->0
[2022-09-05T23:52:52.648-0800][gc,metaspace  ] GC(3) Metaspace: 32167K->32167K(1079296K)
[2022-09-05T23:52:52.648-0800][gc            ] GC(3) Pause Young (Normal) (G1 Evacuation Pause) 255M->12M(512M) 26.620ms
[2022-09-05T23:52:52.648-0800][gc,cpu        ] GC(3) User=0.08s Sys=0.04s Real=0.02s
[2022-09-05T23:52:55.155-0800][gc,start      ] GC(4) Pause Young (Concurrent Start) (Metadata GC Threshold)
[2022-09-05T23:52:55.156-0800][gc,task       ] GC(4) Using 8 workers of 8 for evacuation
[2022-09-05T23:52:55.191-0800][gc,phases     ] GC(4)   Pre Evacuate Collection Set: 0.0ms
[2022-09-05T23:52:55.191-0800][gc,phases     ] GC(4)   Evacuate Collection Set: 34.5ms
[2022-09-05T23:52:55.191-0800][gc,phases     ] GC(4)   Post Evacuate Collection Set: 0.7ms
[2022-09-05T23:52:55.191-0800][gc,phases     ] GC(4)   Other: 0.2ms
[2022-09-05T23:52:55.191-0800][gc,heap       ] GC(4) Eden regions: 131->0(240)
[2022-09-05T23:52:55.191-0800][gc,heap       ] GC(4) Survivor regions: 12->16(32)
[2022-09-05T23:52:55.191-0800][gc,heap       ] GC(4) Old regions: 0->0
[2022-09-05T23:52:55.191-0800][gc,heap       ] GC(4) Humongous regions: 0->0
[2022-09-05T23:52:55.191-0800][gc,metaspace  ] GC(4) Metaspace: 34898K->34898K(1081344K)
[2022-09-05T23:52:55.191-0800][gc            ] GC(4) Pause Young (Concurrent Start) (Metadata GC Threshold) 142M->15M(512M) 35.579ms
[2022-09-05T23:52:55.191-0800][gc,cpu        ] GC(4) User=0.12s Sys=0.05s Real=0.04s
[2022-09-05T23:52:55.191-0800][gc            ] GC(5) Concurrent Cycle
[2022-09-05T23:52:55.191-0800][gc,marking    ] GC(5) Concurrent Clear Claimed Marks
[2022-09-05T23:52:55.191-0800][gc,marking    ] GC(5) Concurrent Clear Claimed Marks 0.025ms
[2022-09-05T23:52:55.191-0800][gc,marking    ] GC(5) Concurrent Scan Root Regions
[2022-09-05T23:52:55.195-0800][gc,marking    ] GC(5) Concurrent Scan Root Regions 4.205ms
[2022-09-05T23:52:55.195-0800][gc,marking    ] GC(5) Concurrent Mark (10.712s)
[2022-09-05T23:52:55.195-0800][gc,marking    ] GC(5) Concurrent Mark From Roots
[2022-09-05T23:52:55.195-0800][gc,task       ] GC(5) Using 2 workers of 2 for marking
[2022-09-05T23:52:55.196-0800][gc,marking    ] GC(5) Concurrent Mark From Roots 0.112ms
[2022-09-05T23:52:55.196-0800][gc,marking    ] GC(5) Concurrent Preclean
[2022-09-05T23:52:55.196-0800][gc,marking    ] GC(5) Concurrent Preclean 0.026ms
[2022-09-05T23:52:55.196-0800][gc,marking    ] GC(5) Concurrent Mark (10.712s, 10.712s) 0.198ms
[2022-09-05T23:52:55.196-0800][gc,start      ] GC(5) Pause Remark
[2022-09-05T23:52:55.201-0800][gc,stringtable] GC(5) Cleaned string and symbol table, strings: 14777 processed, 0 removed, symbols: 111600 processed, 300 removed
[2022-09-05T23:52:55.202-0800][gc            ] GC(5) Pause Remark 15M->15M(512M) 5.631ms
[2022-09-05T23:52:55.202-0800][gc,cpu        ] GC(5) User=0.01s Sys=0.01s Real=0.01s
[2022-09-05T23:52:55.202-0800][gc,marking    ] GC(5) Concurrent Rebuild Remembered Sets
[2022-09-05T23:52:55.202-0800][gc,marking    ] GC(5) Concurrent Rebuild Remembered Sets 0.060ms
[2022-09-05T23:52:55.203-0800][gc,start      ] GC(5) Pause Cleanup
[2022-09-05T23:52:55.203-0800][gc            ] GC(5) Pause Cleanup 15M->15M(512M) 0.064ms
[2022-09-05T23:52:55.203-0800][gc,cpu        ] GC(5) User=0.00s Sys=0.00s Real=0.00s
[2022-09-05T23:52:55.203-0800][gc,marking    ] GC(5) Concurrent Cleanup for Next Mark
[2022-09-05T23:52:55.204-0800][gc,marking    ] GC(5) Concurrent Cleanup for Next Mark 1.456ms
[2022-09-05T23:52:55.204-0800][gc            ] GC(5) Concurrent Cycle 13.224ms
[2022-09-05T23:53:00.119-0800][gc,start      ] GC(6) Pause Young (Normal) (G1 Evacuation Pause)
[2022-09-05T23:53:00.123-0800][gc,task       ] GC(6) Using 8 workers of 8 for evacuation
[2022-09-05T23:53:00.172-0800][gc,phases     ] GC(6)   Pre Evacuate Collection Set: 0.0ms
[2022-09-05T23:53:00.172-0800][gc,phases     ] GC(6)   Evacuate Collection Set: 47.4ms
[2022-09-05T23:53:00.172-0800][gc,phases     ] GC(6)   Post Evacuate Collection Set: 0.9ms
[2022-09-05T23:53:00.172-0800][gc,phases     ] GC(6)   Other: 4.9ms
[2022-09-05T23:53:00.172-0800][gc,heap       ] GC(6) Eden regions: 240->0(231)
[2022-09-05T23:53:00.172-0800][gc,heap       ] GC(6) Survivor regions: 16->25(32)
[2022-09-05T23:53:00.172-0800][gc,heap       ] GC(6) Old regions: 0->0
[2022-09-05T23:53:00.172-0800][gc,heap       ] GC(6) Humongous regions: 0->0
[2022-09-05T23:53:00.172-0800][gc,metaspace  ] GC(6) Metaspace: 47884K->47884K(1093632K)
[2022-09-05T23:53:00.172-0800][gc            ] GC(6) Pause Young (Normal) (G1 Evacuation Pause) 255M->24M(512M) 53.385ms
[2022-09-05T23:53:00.172-0800][gc,cpu        ] GC(6) User=0.12s Sys=0.06s Real=0.06s
[2022-09-05T23:53:02.015-0800][gc,heap,exit  ] Heap
[2022-09-05T23:53:02.015-0800][gc,heap,exit  ]  garbage-first heap   total 524288K, used 125607K [0x00000007e0000000, 0x0000000800000000)
[2022-09-05T23:53:02.015-0800][gc,heap,exit  ]   region size 1024K, 124 young (126976K), 25 survivors (25600K)
[2022-09-05T23:53:02.015-0800][gc,heap,exit  ]  Metaspace       used 53005K, capacity 54226K, committed 54396K, reserved 1097728K
[2022-09-05T23:53:02.015-0800][gc,heap,exit  ]   class space    used 6164K, capacity 6647K, committed 6656K, reserved 1048576K
