2022-08-28 18:54:45,908 WARN refresh server list failed, ignore it.

2022-08-28 18:54:46,248 INFO initializing Raft sub-system

2022-08-28 18:54:46,248 INFO raft notifier started

2022-08-28 18:54:46,248 INFO finish loading all datums, size: 0 cost 0 ms.

2022-08-28 18:54:46,255 INFO cache loaded, datum count: 0, current term: 0

2022-08-28 18:54:46,255 INFO finish to load data from disk, cost: 7 ms.

2022-08-28 18:54:46,262 INFO timer started: leader timeout ms: 15000, heart-beat timeout ms: 5000

2022-08-28 18:54:46,362 INFO add listener: com.alibaba.nacos.naming.domains.meta.

2022-08-28 18:54:50,895 WARN refresh server list failed, ignore it.

2022-08-28 18:54:55,893 WARN refresh server list failed, ignore it.

2022-08-28 18:55:00,891 WARN refresh server list failed, ignore it.

2022-08-28 18:55:05,889 WARN refresh server list failed, ignore it.

2022-08-28 18:55:10,888 WARN refresh server list failed, ignore it.

2022-08-28 18:55:15,889 WARN refresh server list failed, ignore it.

2022-08-28 18:55:17,004 INFO add listener: com.alibaba.nacos.naming.domains.meta.00-00---000-NACOS_SWITCH_DOMAIN-000---00-00

2022-08-28 18:58:33,382 INFO initializing Raft sub-system

2022-08-28 18:58:33,382 INFO raft notifier started

2022-08-28 18:58:33,383 INFO finish loading all datums, size: 0 cost 1 ms.

2022-08-28 18:58:33,388 INFO cache loaded, datum count: 0, current term: 0

2022-08-28 18:58:33,388 INFO finish to load data from disk, cost: 6 ms.

2022-08-28 18:58:33,395 INFO timer started: leader timeout ms: 15000, heart-beat timeout ms: 5000

2022-08-28 18:58:33,139 INFO server list is updated, new: 1 servers: [{"adWeight":0,"alive":false,"ip":"172.23.126.118","key":"172.23.126.118:0","lastRefTime":0,"servePort":0,"site":"unknown","weight":1}]

2022-08-28 18:58:33,414 INFO raft peers changed: [{"adWeight":0,"alive":false,"ip":"172.23.126.118","key":"172.23.126.118:0","lastRefTime":0,"lastRefTimeStr":"","servePort":0,"site":"unknown","weight":1}]

2022-08-28 18:58:33,487 INFO add listener: com.alibaba.nacos.naming.domains.meta.

2022-08-28 18:58:37,334 INFO add listener: com.alibaba.nacos.naming.domains.meta.00-00---000-NACOS_SWITCH_DOMAIN-000---00-00

2022-08-28 18:58:43,124 INFO server list is updated, new: 1 servers: [{"adWeight":0,"alive":false,"ip":"172.23.126.118","key":"172.23.126.118:8848","lastRefTime":0,"lastRefTimeStr":"","servePort":8848,"site":"unknown","weight":1}]

2022-08-28 18:58:43,126 INFO server list is updated, dead: 1, servers: [{"adWeight":0,"alive":false,"ip":"172.23.126.118","key":"172.23.126.118:0","lastRefTime":0,"lastRefTimeStr":"","servePort":0,"site":"unknown","weight":1}]

2022-08-28 18:58:43,128 INFO raft peers changed: [{"adWeight":0,"alive":false,"ip":"172.23.126.118","key":"172.23.126.118:8848","lastRefTime":0,"lastRefTimeStr":"","servePort":8848,"site":"unknown","weight":1}]

2022-08-28 18:58:45,152 INFO raft peers changed: [{"adWeight":0,"alive":false,"ip":"172.23.126.118","key":"172.23.126.118:8848","lastRefTime":0,"lastRefTimeStr":"","servePort":8848,"site":"unknown","weight":1}]

2022-08-28 18:58:45,355 INFO add listener: com.alibaba.nacos.naming.iplist.public##DEFAULT_GROUP@@service-edu

2022-08-28 18:58:46,222 INFO add listener: com.alibaba.nacos.naming.iplist.public##DEFAULT_GROUP@@service-ucenter

2022-08-28 18:58:47,276 INFO add listener: com.alibaba.nacos.naming.iplist.public##DEFAULT_GROUP@@service-order

