2022-09-11 00:53:41,000 INFO PERFORMANCE:|2|2|-1|-1

2022-09-11 02:01:23,789 INFO PERFORMANCE:|2|2|-1|-1

2022-09-11 02:06:23,795 INFO PERFORMANCE:|2|2|-1|-1

2022-09-11 02:11:23,804 INFO PERFORMANCE:|2|2|-1|-1

2022-09-11 02:16:23,800 INFO PERFORMANCE:|2|2|-1|-1

2022-09-11 02:21:23,801 INFO PERFORMANCE:|2|2|-1|-1

2022-09-11 02:26:23,807 INFO PERFORMANCE:|2|2|-1|-1

2022-09-11 02:31:23,809 INFO PERFORMANCE:|2|2|-1|-1

2022-09-11 02:36:23,818 INFO PERFORMANCE:|2|2|-1|-1

2022-09-11 02:41:23,821 INFO PERFORMANCE:|2|2|-1|-1

2022-09-11 02:46:23,820 INFO PERFORMANCE:|2|2|-1|-1

2022-09-11 02:51:23,828 INFO PERFORMANCE:|2|2|-1|-1

2022-09-11 02:56:23,831 INFO PERFORMANCE:|2|2|-1|-1

2022-09-11 03:01:23,841 INFO PERFORMANCE:|2|2|-1|-1

2022-09-11 03:39:04,552 INFO PERFORMANCE:|2|2|-1|-1

2022-09-11 03:44:04,564 INFO PERFORMANCE:|2|2|-1|-1

2022-09-11 03:49:04,571 INFO PERFORMANCE:|2|2|-1|-1

2022-09-11 03:54:04,584 INFO PERFORMANCE:|2|2|-1|-1

2022-09-11 03:59:04,593 INFO PERFORMANCE:|2|2|-1|-1

2022-09-11 04:04:04,604 INFO PERFORMANCE:|2|2|-1|-1

2022-09-11 04:09:04,614 INFO PERFORMANCE:|2|2|-1|-1

2022-09-11 04:14:04,632 INFO PERFORMANCE:|2|2|-1|-1

2022-09-11 04:19:04,650 INFO PERFORMANCE:|2|2|-1|-1

2022-09-11 04:24:04,687 INFO PERFORMANCE:|2|2|-1|-1

2022-09-11 04:29:04,699 INFO PERFORMANCE:|2|2|-1|-1

2022-09-11 04:34:04,708 INFO PERFORMANCE:|2|2|-1|-1

2022-09-11 05:44:05,439 INFO PERFORMANCE:|2|2|-1|-1

2022-09-11 05:49:05,453 INFO PERFORMANCE:|2|2|-1|-1

2022-09-11 05:54:05,463 INFO PERFORMANCE:|2|2|-1|-1

2022-09-11 05:59:05,332 INFO PERFORMANCE:|2|2|-1|-1

2022-09-11 06:04:05,339 INFO PERFORMANCE:|2|2|-1|-1

2022-09-11 06:09:05,348 INFO PERFORMANCE:|2|2|-1|-1

2022-09-11 06:14:05,384 INFO PERFORMANCE:|2|2|-1|-1

2022-09-11 06:19:05,405 INFO PERFORMANCE:|2|2|-1|-1

2022-09-11 06:24:05,412 INFO PERFORMANCE:|2|2|-1|-1

2022-09-11 06:29:05,426 INFO PERFORMANCE:|2|2|-1|-1

2022-09-11 06:34:05,457 INFO PERFORMANCE:|2|2|-1|-1

2022-09-11 06:39:05,464 INFO PERFORMANCE:|2|2|-1|-1

2022-09-11 07:01:26,543 INFO PERFORMANCE:|2|2|-1|-1

2022-09-11 07:38:04,152 INFO PERFORMANCE:|2|2|-1|-1

2022-09-11 07:43:04,158 INFO PERFORMANCE:|2|2|-1|-1

2022-09-11 07:48:04,163 INFO PERFORMANCE:|2|2|-1|-1

2022-09-11 07:53:04,246 INFO PERFORMANCE:|2|2|-1|-1

2022-09-11 07:58:04,259 INFO PERFORMANCE:|2|2|-1|-1

2022-09-11 08:03:04,262 INFO PERFORMANCE:|2|2|-1|-1

2022-09-11 08:08:04,270 INFO PERFORMANCE:|2|2|-1|-1

2022-09-11 08:13:04,280 INFO PERFORMANCE:|2|2|-1|-1

2022-09-11 08:18:04,288 INFO PERFORMANCE:|2|2|-1|-1

2022-09-11 08:23:04,344 INFO PERFORMANCE:|2|2|-1|-1

2022-09-11 08:28:04,354 INFO PERFORMANCE:|2|2|-1|-1

2022-09-11 08:33:04,368 INFO PERFORMANCE:|2|2|-1|-1

2022-09-11 09:34:55,376 INFO PERFORMANCE:|2|2|4|4

2022-09-11 10:06:53,112 INFO PERFORMANCE:|2|2|-1|-1

2022-09-11 10:11:53,122 INFO PERFORMANCE:|2|2|-1|-1

2022-09-11 10:16:53,133 INFO PERFORMANCE:|2|2|-1|-1

2022-09-11 10:21:53,142 INFO PERFORMANCE:|2|2|-1|-1

2022-09-11 10:26:53,160 INFO PERFORMANCE:|2|2|-1|-1

2022-09-11 10:31:53,176 INFO PERFORMANCE:|2|2|-1|-1

2022-09-11 10:36:53,192 INFO PERFORMANCE:|2|2|-1|-1

2022-09-11 10:41:53,115 INFO PERFORMANCE:|2|2|-1|-1

2022-09-11 10:46:53,125 INFO PERFORMANCE:|2|2|-1|-1

2022-09-11 10:51:53,136 INFO PERFORMANCE:|2|2|-1|-1

2022-09-11 10:56:53,139 INFO PERFORMANCE:|2|2|-1|-1

2022-09-11 11:01:53,141 INFO PERFORMANCE:|2|2|-1|-1

2022-09-11 11:06:53,148 INFO PERFORMANCE:|2|2|-1|-1

2022-09-11 11:11:53,044 INFO PERFORMANCE:|2|2|-1|-1

2022-09-11 11:16:53,040 INFO PERFORMANCE:|2|2|-1|-1

2022-09-11 11:21:53,043 INFO PERFORMANCE:|2|2|-1|-1

2022-09-11 11:26:53,038 INFO PERFORMANCE:|2|2|-1|-1

2022-09-11 11:31:53,042 INFO PERFORMANCE:|2|2|-1|-1

2022-09-11 11:36:53,039 INFO PERFORMANCE:|2|2|-1|-1

2022-09-11 11:41:53,035 INFO PERFORMANCE:|2|2|-1|-1

2022-09-11 12:30:31,133 INFO PERFORMANCE:|2|2|-1|-1

2022-09-11 13:26:12,432 INFO PERFORMANCE:|2|2|-1|-1

2022-09-11 14:03:58,786 INFO PERFORMANCE:|2|2|-1|-1

2022-09-11 14:08:58,793 INFO PERFORMANCE:|2|2|-1|-1

2022-09-11 14:13:58,793 INFO PERFORMANCE:|2|2|-1|-1

2022-09-11 14:18:58,799 INFO PERFORMANCE:|2|2|-1|-1

2022-09-11 14:23:58,804 INFO PERFORMANCE:|2|2|-1|-1

2022-09-11 14:28:58,806 INFO PERFORMANCE:|2|2|-1|-1

2022-09-11 14:33:59,009 INFO PERFORMANCE:|2|2|-1|-1

2022-09-11 14:38:59,023 INFO PERFORMANCE:|2|2|-1|-1

2022-09-11 14:43:59,035 INFO PERFORMANCE:|2|2|-1|-1

2022-09-11 14:48:59,059 INFO PERFORMANCE:|2|2|-1|-1

2022-09-11 14:53:59,071 INFO PERFORMANCE:|2|2|-1|-1

2022-09-11 14:58:59,086 INFO PERFORMANCE:|2|2|-1|-1

2022-09-11 15:19:48,395 INFO PERFORMANCE:|2|2|-1|-1

2022-09-11 15:24:48,402 INFO PERFORMANCE:|2|2|-1|-1

2022-09-11 15:29:48,415 INFO PERFORMANCE:|2|2|-1|-1

2022-09-11 15:34:48,430 INFO PERFORMANCE:|2|2|-1|-1

2022-09-11 15:39:48,440 INFO PERFORMANCE:|2|2|-1|-1

2022-09-11 15:44:48,456 INFO PERFORMANCE:|2|2|-1|-1

2022-09-11 15:49:48,447 INFO PERFORMANCE:|2|2|-1|-1

2022-09-11 15:54:48,461 INFO PERFORMANCE:|2|2|-1|-1

2022-09-11 15:59:48,470 INFO PERFORMANCE:|2|2|-1|-1

2022-09-11 16:04:48,485 INFO PERFORMANCE:|2|2|-1|-1

2022-09-11 16:09:48,498 INFO PERFORMANCE:|2|2|-1|-1

2022-09-11 16:14:48,512 INFO PERFORMANCE:|2|2|-1|-1

2022-09-11 16:26:55,824 INFO PERFORMANCE:|2|2|-1|-1

2022-09-11 17:19:45,825 INFO PERFORMANCE:|2|2|-1|-1

2022-09-11 17:24:45,832 INFO PERFORMANCE:|2|2|-1|-1

2022-09-11 17:29:45,838 INFO PERFORMANCE:|2|2|-1|-1

2022-09-11 17:34:45,884 INFO PERFORMANCE:|2|2|-1|-1

2022-09-11 17:39:45,897 INFO PERFORMANCE:|2|2|-1|-1

2022-09-11 17:44:45,912 INFO PERFORMANCE:|2|2|-1|-1

2022-09-11 17:49:45,954 INFO PERFORMANCE:|2|2|-1|-1

2022-09-11 17:54:45,973 INFO PERFORMANCE:|2|2|-1|-1

2022-09-11 17:59:45,983 INFO PERFORMANCE:|2|2|-1|-1

2022-09-11 18:04:45,994 INFO PERFORMANCE:|2|2|-1|-1

2022-09-11 18:09:46,004 INFO PERFORMANCE:|2|2|-1|-1

2022-09-11 18:14:46,002 INFO PERFORMANCE:|2|2|-1|-1

2022-09-11 18:19:46,015 INFO PERFORMANCE:|2|2|-1|-1

2022-09-11 18:24:46,027 INFO PERFORMANCE:|2|2|-1|-1

2022-09-11 18:29:46,066 INFO PERFORMANCE:|2|2|-1|-1

2022-09-11 18:34:46,080 INFO PERFORMANCE:|2|2|-1|-1

2022-09-11 18:39:46,092 INFO PERFORMANCE:|2|2|-1|-1

2022-09-11 18:44:46,110 INFO PERFORMANCE:|2|2|-1|-1

2022-09-11 18:49:46,124 INFO PERFORMANCE:|2|2|-1|-1

2022-09-11 18:54:46,138 INFO PERFORMANCE:|2|2|-1|-1

2022-09-11 18:59:46,120 INFO PERFORMANCE:|2|2|-1|-1

2022-09-11 19:04:46,132 INFO PERFORMANCE:|2|2|-1|-1

2022-09-11 19:09:46,144 INFO PERFORMANCE:|2|2|-1|-1

2022-09-11 19:14:46,156 INFO PERFORMANCE:|2|2|-1|-1

2022-09-11 19:19:46,165 INFO PERFORMANCE:|2|2|-1|-1

2022-09-11 19:24:46,177 INFO PERFORMANCE:|2|2|-1|-1

2022-09-11 19:29:46,185 INFO PERFORMANCE:|2|2|-1|-1

2022-09-11 19:34:46,195 INFO PERFORMANCE:|2|2|-1|-1

2022-09-11 19:39:46,205 INFO PERFORMANCE:|2|2|-1|-1

2022-09-11 19:44:46,106 INFO PERFORMANCE:|2|2|-1|-1

2022-09-11 19:49:46,111 INFO PERFORMANCE:|2|2|-1|-1

2022-09-11 19:54:46,113 INFO PERFORMANCE:|2|2|-1|-1

2022-09-11 19:59:46,148 INFO PERFORMANCE:|2|2|-1|-1

2022-09-11 20:04:46,154 INFO PERFORMANCE:|2|2|-1|-1

2022-09-11 20:09:46,157 INFO PERFORMANCE:|2|2|-1|-1

2022-09-11 20:14:46,159 INFO PERFORMANCE:|2|2|-1|-1

2022-09-11 20:19:46,162 INFO PERFORMANCE:|2|2|-1|-1

2022-09-11 20:24:46,173 INFO PERFORMANCE:|2|2|-1|-1

2022-09-11 21:44:59,800 INFO PERFORMANCE:|2|2|-1|-1

2022-09-11 21:49:59,802 INFO PERFORMANCE:|2|2|-1|-1

2022-09-11 21:54:59,803 INFO PERFORMANCE:|2|2|-1|-1

2022-09-11 21:59:59,874 INFO PERFORMANCE:|2|2|-1|-1

2022-09-11 22:04:59,880 INFO PERFORMANCE:|2|2|-1|-1

2022-09-11 22:09:59,887 INFO PERFORMANCE:|2|2|-1|-1

2022-09-11 22:14:59,866 INFO PERFORMANCE:|2|2|-1|-1

2022-09-11 22:19:59,854 INFO PERFORMANCE:|2|2|17|17

2022-09-11 22:24:59,859 INFO PERFORMANCE:|2|2|14|10

